<?xml version="1.0" encoding="UTF-8"?>
<!-- Generated by org.testng.reporters.JUnitReportReporter -->
<testsuite hostname="18291fade1b951b" failures="0" tests="1" name="com.ibm.fst.nopcomm.exercise2.tests.CustomerSearchTest" time="5.053" errors="0" timestamp="4 Aug 2023 05:55:41 GMT">
  <testcase classname="com.ibm.fst.nopcomm.exercise2.tests.CustomerSearchTest" name="verifyCustomerFunctionality" time="5.053"/>
</testsuite> <!-- com.ibm.fst.nopcomm.exercise2.tests.CustomerSearchTest -->
