<?xml version="1.0" encoding="UTF-8"?>
<!-- Generated by org.testng.reporters.JUnitReportReporter -->
<testsuite hostname="18291fade1b951b" failures="0" tests="1" name="com.ibm.fst.nopcomm.exercise2.tests.LoginTest" time="3.752" errors="0" timestamp="4 Aug 2023 06:09:07 GMT">
  <testcase classname="com.ibm.fst.nopcomm.exercise2.tests.LoginTest" name="verifyLoginFunctionality" time="3.752"/>
</testsuite> <!-- com.ibm.fst.nopcomm.exercise2.tests.LoginTest -->
