<?xml version="1.0" encoding="UTF-8"?>
<!-- Generated by org.testng.reporters.JUnitReportReporter -->
<testsuite hostname="18291fade1b951b" failures="0" tests="1" name="com.ibm.fst.nopcomm.exercise2.tests.CustomerSearchTest" time="6.509" errors="0" timestamp="4 Aug 2023 06:09:07 GMT">
  <testcase classname="com.ibm.fst.nopcomm.exercise2.tests.CustomerSearchTest" name="verifyCustomerFunctionality" time="6.509"/>
</testsuite> <!-- com.ibm.fst.nopcomm.exercise2.tests.CustomerSearchTest -->
